commit 4c7c43eaea67aa8fbf3fa6b4f7182f810e9ff064
Author: u59475 <u59475@s001-n137.aidevcloud>
Date:   Tue Feb 16 21:28:04 2021 -0800

    final

commit c88dcf5ccd679f90a26948412641b6b59c0494a0
Author: u59475 <u59475@s001-n137.aidevcloud>
Date:   Tue Feb 16 21:01:36 2021 -0800

    128 cant run

commit e66ac81045818e534f350b256a92b86c599e41cb
Author: BourgeoisLenin <yzhou359@wisc.edu>
Date:   Tue Feb 16 22:52:33 2021 -0600

    time

commit 64288e225f1aac47a76d11c63722a582ffa108fd
Author: BourgeoisLenin <yzhou359@wisc.edu>
Date:   Tue Feb 16 22:40:40 2021 -0600

    time

commit 70cfde5e7bdef54c49b3b9f8115fa6f13c9469a2
Author: BourgeoisLenin <yzhou359@wisc.edu>
Date:   Tue Feb 16 22:36:14 2021 -0600

    time

commit 2426d858dbe685c692ad6c47f6aa56f25be0388b
Author: BourgeoisLenin <yzhou359@wisc.edu>
Date:   Tue Feb 16 22:18:27 2021 -0600

    msg

commit 31bcd9ebedbd3ac5f2693463836e76d185ebedbb
Author: BourgeoisLenin <yzhou359@wisc.edu>
Date:   Tue Feb 16 22:14:55 2021 -0600

    msg

commit 8685c4f74879f18d144761622dbc144627dd2e70
Author: BourgeoisLenin <yzhou359@wisc.edu>
Date:   Tue Feb 16 22:04:05 2021 -0600

    same

commit 1e125c08ea9cfeecf43674a7fb4196a7aa2d7bb6
Author: BourgeoisLenin <yzhou359@wisc.edu>
Date:   Tue Feb 16 21:58:20 2021 -0600

    same

commit 0b53f7b2af3e6efeeb6b4c1156e72e22cf97ac21
Author: BourgeoisLenin <yzhou359@wisc.edu>
Date:   Tue Feb 16 21:41:45 2021 -0600

    2d

commit a633cf5d5a3e38b3327d6c09a0f7620bf24903ea
Author: BourgeoisLenin <yzhou359@wisc.edu>
Date:   Tue Feb 16 21:37:13 2021 -0600

    2d

commit 3f91f7f36f6197ab234dddf6b270d34925bbdffa
Author: BourgeoisLenin <yzhou359@wisc.edu>
Date:   Tue Feb 16 21:36:03 2021 -0600

    2d

commit 85327ad46248175af0c7d051342c1cb28f115f36
Author: BourgeoisLenin <yzhou359@wisc.edu>
Date:   Tue Feb 16 21:32:39 2021 -0600

    2d

commit c9253b45238c4154816f5ee3d377c07f44270939
Author: BourgeoisLenin <yzhou359@wisc.edu>
Date:   Tue Feb 16 21:30:12 2021 -0600

    2d

commit 2350c246e9b6853af7847606059a11702e52a883
Author: BourgeoisLenin <yzhou359@wisc.edu>
Date:   Tue Feb 16 21:28:36 2021 -0600

    2d

commit 86039cbb6d5afaae33ad7744d9bc7b2f3a1764c2
Author: BourgeoisLenin <yzhou359@wisc.edu>
Date:   Tue Feb 16 21:23:42 2021 -0600

    2d array

commit 877a097e6f993c9799c9ae718eb0d865fb2c0e7c
Author: BourgeoisLenin <yzhou359@wisc.edu>
Date:   Tue Feb 16 21:18:46 2021 -0600

    revert to 2d

commit d722abd2ade81278017a5e3393884d9c0519d631
Author: BourgeoisLenin <yzhou359@wisc.edu>
Date:   Tue Feb 16 20:57:21 2021 -0600

    sleep

commit abefade086de248bd510d0aedd5c1ea0a506a417
Author: BourgeoisLenin <yzhou359@wisc.edu>
Date:   Tue Feb 16 20:38:45 2021 -0600

    fresh main

commit d60ccbbd89c11f9634ee34cb85f25b31269ecf17
Author: BourgeoisLenin <yzhou359@wisc.edu>
Date:   Tue Feb 16 20:37:51 2021 -0600

    fresh main

commit 74ca7c5fd549af487b5dc1843e293fb72d21b6d7
Author: BourgeoisLenin <yzhou359@wisc.edu>
Date:   Tue Feb 16 20:31:27 2021 -0600

    fresh main

commit 318d267f3e9b545d3a507ef2e1b11e515e3413f4
Author: BourgeoisLenin <yzhou359@wisc.edu>
Date:   Tue Feb 16 20:27:47 2021 -0600

    unwrite

commit 3af7d01f49cf5057502d9db4dfc933c0cf709671
Author: BourgeoisLenin <yzhou359@wisc.edu>
Date:   Tue Feb 16 20:22:05 2021 -0600

    no send c

commit d2afc63ad20a174a87d97cc8734e7ab0a8f782bc
Author: BourgeoisLenin <yzhou359@wisc.edu>
Date:   Tue Feb 16 20:16:31 2021 -0600

    d

commit 894f201382d7b03419c42a015cd51fbb71178a85
Author: BourgeoisLenin <yzhou359@wisc.edu>
Date:   Tue Feb 16 20:08:58 2021 -0600

    b

commit 7de69537b30e9e6ab88d9be5ab4bdfd5d28352cd
Author: BourgeoisLenin <yzhou359@wisc.edu>
Date:   Tue Feb 16 20:06:53 2021 -0600

    a

commit 2fba625a2343e514f95f5d1c1f488add8a46551d
Author: BourgeoisLenin <yzhou359@wisc.edu>
Date:   Tue Feb 16 19:53:41 2021 -0600

    revert to dim=8

commit db6f915aa7a5eda4029f5be783da90072e0f04f1
Author: BourgeoisLenin <yzhou359@wisc.edu>
Date:   Tue Feb 16 19:38:05 2021 -0600

    try

commit f9c6b1228d5110b83a5228d836098a038b49e90a
Merge: 34f9abe 61ad25f
Author: BourgeoisLenin <yzhou359@wisc.edu>
Date:   Tue Feb 16 19:23:25 2021 -0600

    Merge branch 'main' of https://github.com/BourgeoisLenin/Team10Minilab6 into main

commit 34f9abecfce1ff8f35f5c36263c4c91311a96097
Author: BourgeoisLenin <yzhou359@wisc.edu>
Date:   Tue Feb 16 19:21:49 2021 -0600

    .

commit 61ad25fdab93d985093630a7e7988dc61b8f1be5
Author: u59475 <u59475@s001-n137.aidevcloud>
Date:   Tue Feb 16 17:14:02 2021 -0800

    added 8 log

commit 617daf88fcca876a56b799456503331f7471a5a5
Author: BourgeoisLenin <43970977+BourgeoisLenin@users.noreply.github.com>
Date:   Tue Feb 16 19:05:05 2021 -0600

    Add files via upload

commit 7ff11cbcaea1ff9ced896e67a0869067730d8c64
Author: BourgeoisLenin <43970977+BourgeoisLenin@users.noreply.github.com>
Date:   Tue Feb 16 19:04:48 2021 -0600

    Delete minilab6_FPGA/sw directory

commit 3a9298370340d76ab8b80ba17dc52aad2055d1d1
Merge: e8e68b9 8c1ab2c
Author: u59475 <u59475@s001-n137.aidevcloud>
Date:   Tue Feb 16 17:02:55 2021 -0800

    n

commit 8c1ab2ce4a213c517b19351629f4ab1f246a4593
Author: BourgeoisLenin <yzhou359@wisc.edu>
Date:   Tue Feb 16 19:01:02 2021 -0600

    debug print for a b and c

commit e8e68b9e3afb14211f191d8e4bd8dd8acfb49ab8
Author: u59475 <u59475@s001-n137.aidevcloud>
Date:   Tue Feb 16 16:53:41 2021 -0800

    added testing print

commit 875f4564179ea7216ef615197563bf4d53eee887
Author: BourgeoisLenin <yzhou359@wisc.edu>
Date:   Tue Feb 16 18:38:34 2021 -0600

    add send_row_c

commit 84a0a599c22701587cdabaab6454508a461a282b
Author: BourgeoisLenin <yzhou359@wisc.edu>
Date:   Tue Feb 16 18:30:02 2021 -0600

    add row array

commit feba7300899194192ebb5abaecb5b756ee0590cf
Author: BourgeoisLenin <yzhou359@wisc.edu>
Date:   Tue Feb 16 18:27:58 2021 -0600

    add row array

commit 735211846e92f27222e9ee775fa3215a6a61a7cf
Author: BourgeoisLenin <yzhou359@wisc.edu>
Date:   Tue Feb 16 18:25:59 2021 -0600

    add row array

commit 14ef4ad276df4e3701102899247c31dd81b76e81
Author: BourgeoisLenin <yzhou359@wisc.edu>
Date:   Tue Feb 16 18:24:56 2021 -0600

    add row array

commit 800fe08436f833c1b7f9734140d8ce88f5a3e4a3
Author: BourgeoisLenin <yzhou359@wisc.edu>
Date:   Tue Feb 16 18:03:29 2021 -0600

    empty msg

commit 9dcd7f758e627490cd55a5bae3d50ef9b1933df1
Merge: 260f12e 487190e
Author: BourgeoisLenin <yzhou359@wisc.edu>
Date:   Tue Feb 16 17:38:45 2021 -0600

    Merge branch 'main' of https://github.com/BourgeoisLenin/Team10Minilab6 into main

commit 260f12e64841d0c4894ef28de3a00ae45584d7fe
Author: BourgeoisLenin <yzhou359@wisc.edu>
Date:   Tue Feb 16 17:37:39 2021 -0600

    deleted synth folder

commit f905267e59b51fdbc2f5cd0288578e9cee95f5dc
Author: BourgeoisLenin <yzhou359@wisc.edu>
Date:   Tue Feb 16 17:37:03 2021 -0600

    fixed a wrong variable name

commit 487190eb461c93e5719be3ce928af3aef8bc168e
Author: BourgeoisLenin <43970977+BourgeoisLenin@users.noreply.github.com>
Date:   Tue Feb 16 17:34:44 2021 -0600

    Delete minilab6_FPGA/synth/build/output_files directory

commit b649306deb651dddf258a139a65fb9ef9d19efec
Author: BourgeoisLenin <yzhou359@wisc.edu>
Date:   Tue Feb 16 17:32:04 2021 -0600

    dim for loop

commit 48c1ad7341006715a551ad5e693baf9e826c3203
Author: BourgeoisLenin <43970977+BourgeoisLenin@users.noreply.github.com>
Date:   Tue Feb 16 10:29:07 2021 -0600

    Add files via upload

commit 85def21b10b8996918a12b8b33a11c66e0401fbe
Author: BourgeoisLenin <43970977+BourgeoisLenin@users.noreply.github.com>
Date:   Tue Feb 16 10:28:35 2021 -0600

    Initial commit
